<?xml version="1.0" encoding="UTF-8"?>
<!-- Generated by org.testng.reporters.JUnitXMLReporter -->
<testsuite hostname="DESKTOP-EBV4UUH" ignored="2" name="Login page tests" tests="8" failures="0" timestamp="2020-02-27T21:57:07 EET" time="23.249" errors="0">
  <testcase name="failWhenLoginWithInvalidUserCredentials" time="3.936" classname="ua.alexyepishev.tests.seleniumTests.suites.LoginPageTests"/>
  <testcase name="failWhenLoginWithInvalidUserCredentials" time="1.171" classname="ua.alexyepishev.tests.seleniumTests.suites.LoginPageTests"/>
  <testcase name="failWhenLoginWithInvalidUserCredentials" time="1.061" classname="ua.alexyepishev.tests.seleniumTests.suites.LoginPageTests"/>
  <testcase name="failWhenLoginWithInvalidUserCredentials" time="0.958" classname="ua.alexyepishev.tests.seleniumTests.suites.LoginPageTests"/>
  <testcase name="failWhenLoginWithInvalidUserCredentials" time="1.247" classname="ua.alexyepishev.tests.seleniumTests.suites.LoginPageTests"/>
  <testcase name="failWhenLoginWithInvalidUserCredentials" time="1.02" classname="ua.alexyepishev.tests.seleniumTests.suites.LoginPageTests"/>
  <testcase name="successfullyLoginWithValidUserCredentials" time="6.196" classname="ua.alexyepishev.tests.seleniumTests.suites.LoginPageTests"/>
  <testcase name="myTest" time="0.0" classname="ua.alexyepishev.tests.seleniumTests.suites.user_profile.MyTestSuite2"/>
  <testcase name="@AfterSuite closeDriverObjects" time="0.0" classname="ua.alexyepishev.tests.seleniumTests.TestService">
    <ignored/>
  </testcase> <!-- @AfterSuite closeDriverObjects -->
  <testcase name="@BeforeSuite instantiateDriverObject" time="0.0" classname="ua.alexyepishev.tests.seleniumTests.TestService">
    <ignored/>
  </testcase> <!-- @BeforeSuite instantiateDriverObject -->
</testsuite> <!-- Login page tests -->
