<?xml version="1.0" encoding="UTF-8"?>
<testng-results skipped="0" failed="0" ignored="2" total="10" passed="8">
  <reporter-output>
  </reporter-output>
  <suite name="Smoke tests" duration-ms="23249" started-at="2020-02-27T21:56:44 EET" finished-at="2020-02-27T21:57:07 EET">
    <groups>
    </groups>
    <test name="Login page tests" duration-ms="23249" started-at="2020-02-27T21:56:44 EET" finished-at="2020-02-27T21:57:07 EET">
      <class name="ua.alexyepishev.tests.seleniumTests.suites.LoginPageTests">
        <test-method status="PASS" signature="instantiateDriverObject()[pri:0, instance:ua.alexyepishev.tests.seleniumTests.suites.LoginPageTests@3cc1435c]" name="instantiateDriverObject" is-config="true" duration-ms="18" started-at="2020-02-27T21:56:44 EET" finished-at="2020-02-27T21:56:44 EET">
          <reporter-output>
          </reporter-output>
        </test-method> <!-- instantiateDriverObject -->
        <test-method status="PASS" signature="setUp()[pri:0, instance:ua.alexyepishev.tests.seleniumTests.suites.LoginPageTests@3cc1435c]" name="setUp" is-config="true" duration-ms="6899" started-at="2020-02-27T21:56:44 EET" finished-at="2020-02-27T21:56:51 EET">
          <reporter-output>
          </reporter-output>
        </test-method> <!-- setUp -->
        <test-method status="PASS" signature="failWhenLoginWithInvalidUserCredentials(java.lang.String, java.lang.String)[pri:0, instance:ua.alexyepishev.tests.seleniumTests.suites.LoginPageTests@3cc1435c]" name="failWhenLoginWithInvalidUserCredentials" duration-ms="3936" started-at="2020-02-27T21:56:51 EET" data-provider="invalidUserCredentials" finished-at="2020-02-27T21:56:55 EET">
          <params>
            <param index="0">
              <value>
                <![CDATA[asdf]]>
              </value>
            </param>
            <param index="1">
              <value>
                <![CDATA[909090]]>
              </value>
            </param>
          </params>
          <reporter-output>
          </reporter-output>
        </test-method> <!-- failWhenLoginWithInvalidUserCredentials -->
        <test-method status="PASS" signature="clearCookies()[pri:0, instance:ua.alexyepishev.tests.seleniumTests.suites.LoginPageTests@3cc1435c]" name="clearCookies" is-config="true" duration-ms="39" started-at="2020-02-27T21:56:55 EET" finished-at="2020-02-27T21:56:55 EET">
          <reporter-output>
          </reporter-output>
        </test-method> <!-- clearCookies -->
        <test-method status="PASS" signature="failWhenLoginWithInvalidUserCredentials(java.lang.String, java.lang.String)[pri:0, instance:ua.alexyepishev.tests.seleniumTests.suites.LoginPageTests@3cc1435c]" name="failWhenLoginWithInvalidUserCredentials" duration-ms="1171" started-at="2020-02-27T21:56:55 EET" data-provider="invalidUserCredentials" finished-at="2020-02-27T21:56:56 EET">
          <params>
            <param index="0">
              <value>
                <![CDATA[]]>
              </value>
            </param>
            <param index="1">
              <value>
                <![CDATA[909090]]>
              </value>
            </param>
          </params>
          <reporter-output>
          </reporter-output>
        </test-method> <!-- failWhenLoginWithInvalidUserCredentials -->
        <test-method status="PASS" signature="clearCookies()[pri:0, instance:ua.alexyepishev.tests.seleniumTests.suites.LoginPageTests@3cc1435c]" name="clearCookies" is-config="true" duration-ms="30" started-at="2020-02-27T21:56:56 EET" finished-at="2020-02-27T21:56:56 EET">
          <reporter-output>
          </reporter-output>
        </test-method> <!-- clearCookies -->
        <test-method status="PASS" signature="failWhenLoginWithInvalidUserCredentials(java.lang.String, java.lang.String)[pri:0, instance:ua.alexyepishev.tests.seleniumTests.suites.LoginPageTests@3cc1435c]" name="failWhenLoginWithInvalidUserCredentials" duration-ms="1061" started-at="2020-02-27T21:56:56 EET" data-provider="invalidUserCredentials" finished-at="2020-02-27T21:56:58 EET">
          <params>
            <param index="0">
              <value>
                <![CDATA[as]]>
              </value>
            </param>
            <param index="1">
              <value>
                <![CDATA[909090]]>
              </value>
            </param>
          </params>
          <reporter-output>
          </reporter-output>
        </test-method> <!-- failWhenLoginWithInvalidUserCredentials -->
        <test-method status="PASS" signature="clearCookies()[pri:0, instance:ua.alexyepishev.tests.seleniumTests.suites.LoginPageTests@3cc1435c]" name="clearCookies" is-config="true" duration-ms="19" started-at="2020-02-27T21:56:58 EET" finished-at="2020-02-27T21:56:58 EET">
          <reporter-output>
          </reporter-output>
        </test-method> <!-- clearCookies -->
        <test-method status="PASS" signature="failWhenLoginWithInvalidUserCredentials(java.lang.String, java.lang.String)[pri:0, instance:ua.alexyepishev.tests.seleniumTests.suites.LoginPageTests@3cc1435c]" name="failWhenLoginWithInvalidUserCredentials" duration-ms="958" started-at="2020-02-27T21:56:58 EET" data-provider="invalidUserCredentials" finished-at="2020-02-27T21:56:59 EET">
          <params>
            <param index="0">
              <value>
                <![CDATA[Student]]>
              </value>
            </param>
            <param index="1">
              <value>
                <![CDATA[]]>
              </value>
            </param>
          </params>
          <reporter-output>
          </reporter-output>
        </test-method> <!-- failWhenLoginWithInvalidUserCredentials -->
        <test-method status="PASS" signature="clearCookies()[pri:0, instance:ua.alexyepishev.tests.seleniumTests.suites.LoginPageTests@3cc1435c]" name="clearCookies" is-config="true" duration-ms="26" started-at="2020-02-27T21:56:59 EET" finished-at="2020-02-27T21:56:59 EET">
          <reporter-output>
          </reporter-output>
        </test-method> <!-- clearCookies -->
        <test-method status="PASS" signature="failWhenLoginWithInvalidUserCredentials(java.lang.String, java.lang.String)[pri:0, instance:ua.alexyepishev.tests.seleniumTests.suites.LoginPageTests@3cc1435c]" name="failWhenLoginWithInvalidUserCredentials" duration-ms="1247" started-at="2020-02-27T21:56:59 EET" data-provider="invalidUserCredentials" finished-at="2020-02-27T21:57:00 EET">
          <params>
            <param index="0">
              <value>
                <![CDATA[Student]]>
              </value>
            </param>
            <param index="1">
              <value>
                <![CDATA[a]]>
              </value>
            </param>
          </params>
          <reporter-output>
          </reporter-output>
        </test-method> <!-- failWhenLoginWithInvalidUserCredentials -->
        <test-method status="PASS" signature="clearCookies()[pri:0, instance:ua.alexyepishev.tests.seleniumTests.suites.LoginPageTests@3cc1435c]" name="clearCookies" is-config="true" duration-ms="50" started-at="2020-02-27T21:57:00 EET" finished-at="2020-02-27T21:57:00 EET">
          <reporter-output>
          </reporter-output>
        </test-method> <!-- clearCookies -->
        <test-method status="PASS" signature="failWhenLoginWithInvalidUserCredentials(java.lang.String, java.lang.String)[pri:0, instance:ua.alexyepishev.tests.seleniumTests.suites.LoginPageTests@3cc1435c]" name="failWhenLoginWithInvalidUserCredentials" duration-ms="1020" started-at="2020-02-27T21:57:00 EET" data-provider="invalidUserCredentials" finished-at="2020-02-27T21:57:01 EET">
          <params>
            <param index="0">
              <value>
                <![CDATA[Student]]>
              </value>
            </param>
            <param index="1">
              <value>
                <![CDATA[123kh^&*]]>
              </value>
            </param>
          </params>
          <reporter-output>
          </reporter-output>
        </test-method> <!-- failWhenLoginWithInvalidUserCredentials -->
        <test-method status="PASS" signature="clearCookies()[pri:0, instance:ua.alexyepishev.tests.seleniumTests.suites.LoginPageTests@3cc1435c]" name="clearCookies" is-config="true" duration-ms="25" started-at="2020-02-27T21:57:01 EET" finished-at="2020-02-27T21:57:01 EET">
          <reporter-output>
          </reporter-output>
        </test-method> <!-- clearCookies -->
        <test-method status="PASS" signature="successfullyLoginWithValidUserCredentials()[pri:0, instance:ua.alexyepishev.tests.seleniumTests.suites.LoginPageTests@3cc1435c]" name="successfullyLoginWithValidUserCredentials" duration-ms="6196" started-at="2020-02-27T21:57:01 EET" finished-at="2020-02-27T21:57:07 EET">
          <reporter-output>
          </reporter-output>
        </test-method> <!-- successfullyLoginWithValidUserCredentials -->
        <test-method status="PASS" signature="clearCookies()[pri:0, instance:ua.alexyepishev.tests.seleniumTests.suites.LoginPageTests@3cc1435c]" name="clearCookies" is-config="true" duration-ms="141" started-at="2020-02-27T21:57:07 EET" finished-at="2020-02-27T21:57:07 EET">
          <reporter-output>
          </reporter-output>
        </test-method> <!-- clearCookies -->
        <test-method status="PASS" signature="closeDriverObjects()[pri:0, instance:ua.alexyepishev.tests.seleniumTests.suites.LoginPageTests@3cc1435c]" name="closeDriverObjects" is-config="true" duration-ms="871" started-at="2020-02-27T21:57:07 EET" finished-at="2020-02-27T21:57:08 EET">
          <reporter-output>
          </reporter-output>
        </test-method> <!-- closeDriverObjects -->
      </class> <!-- ua.alexyepishev.tests.seleniumTests.suites.LoginPageTests -->
      <class name="ua.alexyepishev.tests.seleniumTests.suites.user_profile.MyTestSuite2">
        <test-method status="PASS" signature="setUp()[pri:0, instance:ua.alexyepishev.tests.seleniumTests.suites.user_profile.MyTestSuite2@6bf0219d]" name="setUp" is-config="true" duration-ms="1" started-at="2020-02-27T21:57:07 EET" finished-at="2020-02-27T21:57:07 EET">
          <reporter-output>
          </reporter-output>
        </test-method> <!-- setUp -->
        <test-method status="PASS" signature="myTest()[pri:0, instance:ua.alexyepishev.tests.seleniumTests.suites.user_profile.MyTestSuite2@6bf0219d]" name="myTest" duration-ms="0" started-at="2020-02-27T21:57:07 EET" finished-at="2020-02-27T21:57:07 EET">
          <reporter-output>
          </reporter-output>
        </test-method> <!-- myTest -->
        <test-method status="PASS" signature="clearCookies()[pri:0, instance:ua.alexyepishev.tests.seleniumTests.suites.user_profile.MyTestSuite2@6bf0219d]" name="clearCookies" is-config="true" duration-ms="19" started-at="2020-02-27T21:57:07 EET" finished-at="2020-02-27T21:57:07 EET">
          <reporter-output>
          </reporter-output>
        </test-method> <!-- clearCookies -->
      </class> <!-- ua.alexyepishev.tests.seleniumTests.suites.user_profile.MyTestSuite2 -->
    </test> <!-- Login page tests -->
  </suite> <!-- Smoke tests -->
</testng-results>
